<?xml version="1.0" encoding="UTF-8"?>
<!-- Generated by org.testng.reporters.JUnitReportReporter -->
<testsuite hostname="Sreepriyas-MacBook-Pro.local" failures="0" tests="1" name="com.dhiway.TestCases.Bulkupload" time="120.018" errors="0" timestamp="2024-11-26T22:23:10 IST" skipped="0">
  <testcase classname="com.dhiway.TestCases.Bulkupload" name="BulkRecordinSpace" time="120.018"/>
</testsuite> <!-- com.dhiway.TestCases.Bulkupload -->
