<?xml version="1.0" encoding="UTF-8"?>
<!-- Generated by org.testng.reporters.JUnitReportReporter -->
<testsuite hostname="Sreepriyas-MacBook-Pro.local" failures="0" tests="1" name="com.dhiway.TestCases.CreateSpace" time="61.597" errors="0" timestamp="2024-11-28T17:45:32 IST" skipped="0">
  <testcase classname="com.dhiway.TestCases.CreateSpace" name="Spacecreation" time="61.597"/>
</testsuite> <!-- com.dhiway.TestCases.CreateSpace -->
