<?xml version="1.0" encoding="UTF-8"?>
<!-- Generated by org.testng.reporters.JUnitReportReporter -->
<testsuite hostname="Sreepriyas-MacBook-Pro.local" failures="0" tests="1" name="com.dhiway.TestCases.CreateRecord" time="63.325" errors="0" timestamp="2024-11-28T17:45:32 IST" skipped="0">
  <testcase classname="com.dhiway.TestCases.CreateRecord" name="CreateRecordinSpace" time="63.325"/>
</testsuite> <!-- com.dhiway.TestCases.CreateRecord -->
